<?xml version="1.0" encoding="UTF-8"?>
<testng-results ignored="0" total="1" passed="1" failed="0" skipped="0">
  <reporter-output>
    <line>
      <![CDATA[Providing User Id]]>
    </line>
    <line>
      <![CDATA[Providing Password]]>
    </line>
    <line>
      <![CDATA[Click on Sign in Button]]>
    </line>
  </reporter-output>
  <suite started-at="2020-06-26T06:05:50Z" name="Suite" finished-at="2020-06-26T06:06:32Z" duration-ms="42103">
    <groups>
    </groups>
    <test started-at="2020-06-26T06:05:50Z" name="Test" finished-at="2020-06-26T06:06:32Z" duration-ms="42103">
      <class name="testscripts.AppTest">
        <test-method is-config="true" signature="beforetest()[pri:0, instance:testscripts.AppTest@134593bf]" started-at="2020-06-26T06:05:50Z" name="beforetest" finished-at="2020-06-26T06:06:01Z" duration-ms="11674" status="PASS">
          <reporter-output>
          </reporter-output>
        </test-method> <!-- beforetest -->
        <test-method signature="login()[pri:0, instance:testscripts.AppTest@134593bf]" started-at="2020-06-26T06:06:01Z" name="login" finished-at="2020-06-26T06:06:02Z" duration-ms="777" status="PASS">
          <reporter-output>
            <line>
              <![CDATA[Providing User Id]]>
            </line>
            <line>
              <![CDATA[Providing Password]]>
            </line>
            <line>
              <![CDATA[Click on Sign in Button]]>
            </line>
          </reporter-output>
        </test-method> <!-- login -->
        <test-method is-config="true" signature="tearDown()[pri:0, instance:testscripts.AppTest@134593bf]" started-at="2020-06-26T06:06:02Z" name="tearDown" finished-at="2020-06-26T06:06:32Z" duration-ms="29641" status="PASS">
          <reporter-output>
          </reporter-output>
        </test-method> <!-- tearDown -->
      </class> <!-- testscripts.AppTest -->
    </test> <!-- Test -->
  </suite> <!-- Suite -->
</testng-results>
